Log file open, 01/26/21 14:43:53
LogInit:Display: Running engine for game: Kings_Return2
LogPlatformFile: Not using cached read wrapper
LogInit:Display: RandInit(751551023) SRandInit(751551023).
LogTaskGraph: Started task graph with 5 named threads and 8 total threads with 1 sets of task threads.
LogStats: Stats thread started at 0.098811
LogInit: Using libcurl 7.47.1
LogInit:  - built for x86_64-pc-win32
LogInit:  - supports SSL with OpenSSL/1.0.2g
LogInit:  - supports HTTP deflate (compression) using libz 1.2.8
LogInit:  - other features:
LogInit:      CURL_VERSION_SSL
LogInit:      CURL_VERSION_LIBZ
LogInit:      CURL_VERSION_IPV6
LogInit:      CURL_VERSION_ASYNCHDNS
LogInit:      CURL_VERSION_LARGEFILE
LogInit:      CURL_VERSION_IDN
LogInit:  CurlRequestOptions (configurable via config and command line):
LogInit:  - bVerifyPeer = false  - Libcurl will NOT verify peer certificate
LogInit:  - bUseHttpProxy = false  - Libcurl will NOT use HTTP proxy
LogInit:  - bDontReuseConnections = false  - Libcurl will reuse connections
LogInit:  - CertBundlePath = nullptr  - Libcurl will use whatever was configured at build time.
LogInit: Build: ++UE4+Release-4.16-CL-3561208
LogInit: Engine Version: 4.16.3-3561208+++UE4+Release-4.16
LogInit: Compatible Engine Version: 4.16.0-3452394+++UE4+Release-4.16
LogInit: Net CL: 3452394
LogDevObjectVersion: Number of dev versions registered: 16
LogDevObjectVersion:   Dev-Blueprints (B0D832E4-1F89-4F0D-ACCF-7EB736FD4AA2): 9
LogDevObjectVersion:   Dev-Build (E1C64328-A22C-4D53-A36C-8E866417BD8C): 0
LogDevObjectVersion:   Dev-Core (375EC13C-06E4-48FB-B500-84F0262A717E): 2
LogDevObjectVersion:   Dev-Editor (E4B068ED-F494-42E9-A231-DA0B2E46BB41): 17
LogDevObjectVersion:   Dev-Framework (CFFC743F-43B0-4480-9391-14DF171D2073): 23
LogDevObjectVersion:   Dev-Mobile (B02B49B5-BB20-44E9-A304-32B752E40360): 0
LogDevObjectVersion:   Dev-Networking (A4E4105C-59A1-49B5-A7C5-40C4547EDFEE): 0
LogDevObjectVersion:   Dev-Online (39C831C9-5AE6-47DC-9A44-9C173E1C8E7C): 0
LogDevObjectVersion:   Dev-Physics (78F01B33-EBEA-4F98-B9B4-84EACCB95AA2): 0
LogDevObjectVersion:   Dev-Platform (6631380F-2D4D-43E0-8009-CF276956A95A): 0
LogDevObjectVersion:   Dev-Rendering (12F88B9F-8875-4AFC-A67C-D90C383ABD29): 15
LogDevObjectVersion:   Dev-Sequencer (7B5AE74C-D270-4C10-A958-57980B212A5A): 4
LogDevObjectVersion:   Dev-VR (D7296918-1DD6-4BDD-9DE2-64A83CC13884): 0
LogDevObjectVersion:   Dev-LoadTimes (C2A15278-BFE7-4AFE-6C17-90FF531DF755): 1
LogDevObjectVersion:   Private-Geometry (6EACA3D4-40EC-4CC1-B786-8BED09428FC5): 1
LogDevObjectVersion:   Dev-AnimPhys (29E575DD-E0A3-4627-9D10-D276232CDCEA): 3
LogInit: Compiled (64-bit): Jul 28 2017 11:49:47
LogInit: Compiled with Visual C++: 19.00.24215.01
LogInit: Build Configuration: Development
LogInit: Branch Name: ++UE4+Release-4.16
LogInit: Command line: 
LogInit: Base directory: C:/UE_4.16/Engine/Binaries/Win64/
LogInit: Installed Engine Build: 1
LogInit: Presizing for max 8388607 objects, including 0 objects not considered by GC, pre-allocating 0 bytes for permanent pool.
LogInit: Object subsystem initialized
[2021.01.26-20.43.53:746][  0]LogInit: Selected Device Profile: [Windows]
[2021.01.26-20.43.53:746][  0]LogInit: Applying CVar settings loaded from the selected device profile: [Windows]
[2021.01.26-20.43.53:778][  0]LogInit: Computer: ADMIN-PC
[2021.01.26-20.43.53:778][  0]LogInit: User: Admin
[2021.01.26-20.43.53:778][  0]LogInit: CPU Page size=4096, Cores=4
[2021.01.26-20.43.53:778][  0]LogInit: High frequency timer resolution =3.118066 MHz
[2021.01.26-20.43.53:779][  0]LogMemory: Memory total: Physical=7.9GB (8GB approx)
[2021.01.26-20.43.53:779][  0]LogMemory: Platform Memory Stats for Windows
[2021.01.26-20.43.53:779][  0]LogMemory: Process Physical Memory: 272.73 MB used, 272.73 MB peak
[2021.01.26-20.43.53:779][  0]LogMemory: Process Virtual Memory: 260.71 MB used, 260.71 MB peak
[2021.01.26-20.43.53:779][  0]LogMemory: Physical Memory: 2488.71 MB used,  5578.24 MB free, 8066.95 MB total
[2021.01.26-20.43.53:779][  0]LogMemory: Virtual Memory: 620.37 MB used,  5578.24 MB free, 8388608.00 MB total
[2021.01.26-20.43.53:887][  0]LogInit: Using OS detected language (en-US).
[2021.01.26-20.43.53:887][  0]LogInit: Using OS detected locale (en-US).
[2021.01.26-20.43.53:890][  0]LogTextLocalizationManager: No specific localization for 'en-US' exists, so the 'en' localization will be used.
[2021.01.26-20.43.54:849][  0]LogD3D11RHI: D3D11 adapters:
[2021.01.26-20.43.54:853][  0]LogD3D11RHI:    0. 'Intel(R) HD Graphics' (Feature Level 11_0)
[2021.01.26-20.43.54:853][  0]LogD3D11RHI:       64/0/1632 MB DedicatedVideo/DedicatedSystem/SharedSystem, Outputs:1, VendorId:0x8086
[2021.01.26-20.43.54:853][  0]LogD3D11RHI: Chosen D3D11 Adapter: 0
[2021.01.26-20.43.54:857][  0]LogD3D11RHI: Creating new Direct3DDevice
[2021.01.26-20.43.54:857][  0]LogD3D11RHI:     GPU DeviceId: 0x152 (for the marketing name, search the web for "GPU Device Id")
[2021.01.26-20.43.54:857][  0]LogWindows: EnumDisplayDevices:
[2021.01.26-20.43.54:857][  0]LogWindows:    0. 'Intel(R) HD Graphics' (P:1 D:1)
[2021.01.26-20.43.54:857][  0]LogWindows:    1. 'Intel(R) HD Graphics' (P:0 D:0)
[2021.01.26-20.43.54:858][  0]LogWindows:    2. 'Intel(R) HD Graphics' (P:0 D:0)
[2021.01.26-20.43.54:858][  0]LogWindows:    3. 'RDPDD Chained DD' (P:0 D:0)
[2021.01.26-20.43.54:858][  0]LogWindows:    4. 'RDP Encoder Mirror Driver' (P:0 D:0)
[2021.01.26-20.43.54:858][  0]LogWindows:    5. 'RDP Reflector Display Driver' (P:0 D:0)
[2021.01.26-20.43.54:858][  0]LogWindows: DebugString: GetVideoDriverDetailsInvalid PrimaryIsNotTheChoosenAdapter GetVideoDriverDetailsInvalid PrimaryIsNotTheChoosenAdapter GetVideoDriverDetailsInvalid PrimaryIsNotTheChoosenAdapter FoundDriverCount:3 
[2021.01.26-20.43.54:858][  0]LogD3D11RHI:     Adapter Name: Intel(R) HD Graphics
[2021.01.26-20.43.54:858][  0]LogD3D11RHI:   Driver Version: 9.17.10.4229 (internal:9.17.10.4229, unified:9.17.10.4229)
[2021.01.26-20.43.54:858][  0]LogD3D11RHI:      Driver Date: 5-26-2015
[2021.01.26-20.43.54:858][  0]LogRHI: Texture pool is 616 MB (70% of 880 MB)
[2021.01.26-20.43.54:861][  0]LogD3D11RHI: Async texture creation enabled
[2021.01.26-20.43.54:874][  0]LogD3D11RHI: GPU Timing Frequency: 12.500000 (Debug: 2 1)
[2021.01.26-20.43.54:874][  0]LogShaderCompilers: Guid format shader working directory is 15 characters bigger than the processId version (E:/UnrealProjects/Kings_Return2/Intermediate/Shaders/WorkingDirectory/4020/).
[2021.01.26-20.43.54:874][  0]LogShaderCompilers: Cleaned the shader compiler working directory 'C:/Users/Admin/AppData/Local/Temp/UnrealShaderWorkingDir/2ED3494A4B81CB1704B4B6A2F56198C4/'.
[2021.01.26-20.43.54:874][  0]LogShaderCompilers:Display: Using Local Shader Compiler.
[2021.01.26-20.43.55:929][  0]LogTemp:Display: Loaded TP AllDesktopTargetPlatform
[2021.01.26-20.43.56:005][  0]LogTemp:Display: Loaded TP MacClientTargetPlatform
[2021.01.26-20.43.56:081][  0]LogTemp:Display: Loaded TP MacNoEditorTargetPlatform
[2021.01.26-20.43.56:154][  0]LogTemp:Display: Loaded TP MacServerTargetPlatform
[2021.01.26-20.43.56:227][  0]LogTemp:Display: Loaded TP MacTargetPlatform
[2021.01.26-20.43.56:300][  0]LogTemp:Display: Loaded TP WindowsClientTargetPlatform
[2021.01.26-20.43.56:373][  0]LogTemp:Display: Loaded TP WindowsNoEditorTargetPlatform
[2021.01.26-20.43.56:446][  0]LogTemp:Display: Loaded TP WindowsServerTargetPlatform
[2021.01.26-20.43.56:508][  0]LogTemp:Display: Loaded TP WindowsTargetPlatform
[2021.01.26-20.43.56:580][  0]LogTemp:Display: Loaded TP AndroidTargetPlatform
[2021.01.26-20.43.56:650][  0]LogTemp:Display: Loaded TP Android_ASTCTargetPlatform
[2021.01.26-20.43.56:727][  0]LogTemp:Display: Loaded TP Android_ATCTargetPlatform
[2021.01.26-20.43.56:799][  0]LogTemp:Display: Loaded TP Android_DXTTargetPlatform
[2021.01.26-20.43.56:870][  0]LogTemp:Display: Loaded TP Android_ETC1TargetPlatform
[2021.01.26-20.43.56:941][  0]LogTemp:Display: Loaded TP Android_ETC2TargetPlatform
[2021.01.26-20.43.57:084][  0]LogTemp:Display: Loaded TP Android_MultiTargetPlatform
[2021.01.26-20.43.57:084][  0]LogTemp:Display: Loaded TP Android_PVRTCTargetPlatform
[2021.01.26-20.43.57:139][  0]LogTemp:Display: Loaded TP HTML5TargetPlatform
[2021.01.26-20.43.57:261][  0]LogTemp:Display: Loaded TP IOSTargetPlatform
[2021.01.26-20.43.57:310][  0]LogTemp:Display: Loaded TP TVOSTargetPlatform
[2021.01.26-20.43.57:382][  0]LogTemp:Display: Loaded TP LinuxClientTargetPlatform
[2021.01.26-20.43.57:453][  0]LogTemp:Display: Loaded TP LinuxNoEditorTargetPlatform
[2021.01.26-20.43.57:525][  0]LogTemp:Display: Loaded TP LinuxServerTargetPlatform
[2021.01.26-20.43.57:597][  0]LogTemp:Display: Loaded TP LinuxTargetPlatform
[2021.01.26-20.43.57:597][  0]LogTargetPlatformManager:Display: Building Assets For Windows
[2021.01.26-20.43.58:270][  0]LogDerivedDataCache:Display: Max Cache Size: 512 MB
[2021.01.26-20.43.58:387][  0]LogDerivedDataCache: Loaded boot cache 0.12s 90MB C:/Users/Admin/AppData/Local/UnrealEngine/4.16/DerivedDataCache/Boot.ddc.
[2021.01.26-20.43.58:387][  0]LogDerivedDataCache:Display: Loaded Boot cache: C:/Users/Admin/AppData/Local/UnrealEngine/4.16/DerivedDataCache/Boot.ddc
[2021.01.26-20.43.58:388][  0]LogDerivedDataCache: FDerivedDataBackendGraph:  Pak pak cache file E:/UnrealProjects/Kings_Return2/DerivedDataCache/DDC.ddp not found, will not use a pak cache.
[2021.01.26-20.43.58:388][  0]LogDerivedDataCache: Unable to find inner node Pak for hierarchical cache Hierarchy.
[2021.01.26-20.43.58:388][  0]LogDerivedDataCache: FDerivedDataBackendGraph:  CompressedPak pak cache file E:/UnrealProjects/Kings_Return2/DerivedDataCache/Compressed.ddp not found, will not use a pak cache.
[2021.01.26-20.43.58:388][  0]LogDerivedDataCache: Unable to find inner node CompressedPak for hierarchical cache Hierarchy.
[2021.01.26-20.43.58:407][  0]LogDerivedDataCache:Display: Pak cache opened for reading ../../../Engine/DerivedDataCache/Compressed.ddp.
[2021.01.26-20.43.58:419][  0]LogDerivedDataCache: Using Local data cache path C:/Users/Admin/AppData/Local/UnrealEngine/Common/DerivedDataCache: Writable
[2021.01.26-20.43.58:430][  0]LogMaterial: Verifying Global Shaders for PCD3D_SM5
[2021.01.26-20.43.58:431][  0]LogSlate: Using Freetype 2.6.0
[2021.01.26-20.43.58:431][  0]LogSlate: SlateFontCache - WITH_FREETYPE: 1, WITH_HARFBUZZ: 1
[2021.01.26-20.43.58:431][  0]LogSlate: SlateFontCache - WITH_FREETYPE: 1, WITH_HARFBUZZ: 1
[2021.01.26-20.43.59:057][  0]LogInit: Selected Device Profile: [Windows]
[2021.01.26-20.43.59:062][  0]LogContentStreaming: Texture pool size is 0.00 MB
[2021.01.26-20.43.59:360][  0]LogMeshUtilities: Using QuadricMeshReduction for automatic static mesh reduction
[2021.01.26-20.43.59:421][  0]LogSimplygon: Simplygon DLL not present - disabling.
[2021.01.26-20.43.59:483][  0]LogMeshUtilities: Using SimplygonSwarm for distributed automatic mesh merging
[2021.01.26-20.43.59:483][  0]LogMeshUtilities: No automatic skeletal mesh reduction module available
[2021.01.26-20.43.59:483][  0]LogMeshUtilities: No automatic mesh merging module available
[2021.01.26-20.44.00:185][  0]LogNetVersion: Kings_Return2 , NetCL: 3452394, EngineNetVer: 2, GameNetVer: 0 (Checksum: 95045444)
[2021.01.26-20.44.00:261][  0]LogAssetRegistry: FAssetRegistry took 0.0276 seconds to start up
[2021.01.26-20.44.00:466][  0]LogPackageLocalizationCache: Processed 4 localized package path(s) for 2 prioritized culture(s) in 0.174459 seconds
[2021.01.26-20.44.00:473][  0]LogUObjectArray: 34194 objects as part of root set at end of initial load.
[2021.01.26-20.44.00:473][  0]LogUObjectAllocator: 7260416 out of 0 bytes used by permanent object pool.
[2021.01.26-20.44.00:473][  0]LogUObjectArray: CloseDisregardForGC: 0/0 objects in disregard for GC pool
[2021.01.26-20.44.00:566][  0]LogInit: WinSock: version 1.1 (2.2), MaxSocks=32767, MaxUdp=65467
[2021.01.26-20.44.04:256][  0]LogTcpMessaging: Initializing TcpMessaging bridge
[2021.01.26-20.44.04:321][  0]LogUdpMessaging: Initializing bridge on interface 0.0.0.0:0 to multicast group 230.0.0.1:6666.
[2021.01.26-20.44.05:016][  0]LogMaterial: Uniform references updated for custom material expression Custom.
[2021.01.26-20.44.05:544][  0]SourceControl: Info Source control is disabled
[2021.01.26-20.44.05:563][  0]SourceControl: Info Source control is disabled
[2021.01.26-20.44.05:627][  0]SourceControl: Info Source control is disabled
[2021.01.26-20.44.05:689][  0]SourceControl: Info Source control is disabled
[2021.01.26-20.44.06:581][  0]LogAndroidPermission: UAndroidPermissionCallbackProxy::GetInstance
[2021.01.26-20.44.07:345][  0]LogEngine: Initializing Engine...
[2021.01.26-20.44.07:346][  0]LogHMD: Failed to initialize OpenVR with code 110
[2021.01.26-20.44.07:572][  0]LogStats: UGameplayTagsManager::ConstructGameplayTagTree: Construct from data asset -  0.000 s
[2021.01.26-20.44.07:572][  0]LogStats: UGameplayTagsManager::ConstructGameplayTagTree: GameplayTagTreeChangedEvent.Broadcast -  0.000 s
[2021.01.26-20.44.07:760][  0]LogAIModule: Creating AISystem for world Untitled
[2021.01.26-20.44.07:767][  0]LogInit: XAudio2 using 'Speakers (High Definition Audio Device)' : 2 channels at 44.1 kHz using 16 bits per sample (channel mask 0x3)
[2021.01.26-20.44.07:784][  0]LogInit: FAudioDevice initialized.
[2021.01.26-20.44.07:837][  0]LogDerivedDataCache: Saved boot cache 0.05s 90MB C:/Users/Admin/AppData/Local/UnrealEngine/4.16/DerivedDataCache/Boot.ddc.
[2021.01.26-20.44.07:847][  0]LogInit: Texture streaming: Enabled
[2021.01.26-20.44.07:984][  0]LogEngineSessionManager: EngineSessionManager initialized
[2021.01.26-20.44.08:275][  0]LogInit: Transaction tracking system initialized
[2021.01.26-20.44.08:703][  0]BlueprintLog: New page: Editor Load
[2021.01.26-20.44.10:081][  0]LocalizationService: Info Localization service is disabled
[2021.01.26-20.44.11:039][  0]LogConsoleResponse:Display: 
[2021.01.26-20.44.11:197][  0]LogCook:Display: Max memory allowance for cook 16384mb min free memory 0mb
[2021.01.26-20.44.11:197][  0]LogCook:Display: Mobile HDR setting 1
[2021.01.26-20.44.11:942][  0]LogFileCache: Scanning file cache for directory 'E:/UnrealProjects/Kings_Return2/Content/' took 0.02s
[2021.01.26-20.44.12:563][  0]SourceControl: Info Source control is disabled
[2021.01.26-20.44.12:563][  0]Cmd: MAP LOAD FILE="E:/UnrealProjects/Kings_Return2/Content/ThirdPersonBP/Maps/ThirdPersonExampleMap.umap" TEMPLATE=0 SHOWPROGRESS=1 FEATURELEVEL=3
[2021.01.26-20.44.12:564][  0]LightingResults: New page: Lighting Build
[2021.01.26-20.44.12:622][  0]MapCheck: New page: Map Check
[2021.01.26-20.44.12:622][  0]LightingResults: New page: Lighting Build
[2021.01.26-20.44.13:170][  0]LogAIModule: Creating AISystem for world ThirdPersonExampleMap
[2021.01.26-20.44.13:179][  0]LogEditorServer: Finished looking for orphan Actors (0.000 secs)
[2021.01.26-20.44.13:251][  0]Cmd: MAP CHECKDEP NOCLEARLOG
[2021.01.26-20.44.13:337][  0]MapCheck: Info Map check complete: 0 Error(s), 0 Warning(s), took 85.08ms to complete.
[2021.01.26-20.44.13:337][  0]LogFileHelpers: Loading map 'ThirdPersonExampleMap' took 0.773
[2021.01.26-20.44.13:452][  0]LogCollectionManager: Loaded 0 collections in 0.002263 seconds
[2021.01.26-20.44.13:733][  0]LogFileCache: Scanning file cache for directory 'E:/UnrealProjects/Kings_Return2/Saved/Collections/' took 0.01s
[2021.01.26-20.44.13:733][  0]LogFileCache: Scanning file cache for directory 'E:/UnrealProjects/Kings_Return2/Content/Developers/Admin/Collections/' took 0.01s
[2021.01.26-20.44.13:733][  0]LogFileCache: Scanning file cache for directory 'E:/UnrealProjects/Kings_Return2/Content/Collections/' took 0.01s
[2021.01.26-20.44.13:733][  0]LogCollectionManager: Rebuilt the GUID cache for 0 collections in 0.000002 seconds
[2021.01.26-20.44.13:745][  0]LogContentBrowser: Native class hierarchy populated in 0.0121 seconds. Added 2329 classes and 491 folders.
[2021.01.26-20.44.13:838][  0]LogContentBrowser: Native class hierarchy updated for 'WidgetCarousel' in 0.0019 seconds. Added 0 classes and 0 folders.
[2021.01.26-20.44.13:895][  0]LogContentBrowser: Native class hierarchy updated for 'AddContentDialog' in 0.0020 seconds. Added 0 classes and 0 folders.
[2021.01.26-20.44.14:009][  0]LogContentBrowser: Native class hierarchy updated for 'SceneOutliner' in 0.0021 seconds. Added 1 classes and 2 folders.
[2021.01.26-20.44.14:115][  0]LogCrashTracker: Crashtracker disabled due to settings.
[2021.01.26-20.44.14:119][  0]LogSlate: Took 0.000156 seconds to synchronously load lazily loaded font '../../../Engine/Content/Slate/Fonts/Roboto-Regular.ttf' (155K)
[2021.01.26-20.44.14:121][  0]LogSlate: Took 0.000135 seconds to synchronously load lazily loaded font '../../../Engine/Content/Slate/Fonts/Roboto-Bold.ttf' (160K)
[2021.01.26-20.44.14:122][  0]LogSlate: Took 0.000207 seconds to synchronously load lazily loaded font '../../../Engine/Content/Editor/Slate/Fonts/FontAwesome.ttf' (139K)
[2021.01.26-20.44.14:245][  0]LogRenderer: Reallocating scene render targets to support 716x572 NumSamples 1 (Frame:1).
[2021.01.26-20.44.15:287][  0]LogUObjectGlobals:Warning: Failed to find object 'Class None.'
[2021.01.26-20.44.15:381][  0]LogContentBrowser: Native class hierarchy updated for 'HierarchicalLODOutliner' in 0.0022 seconds. Added 1 classes and 2 folders.
[2021.01.26-20.44.15:381][  0]LogLoad: (Engine Initialization) Total time: 24.38 seconds
[2021.01.26-20.44.15:381][  0]LogLoad: (Engine Initialization) Total Blueprint compile time: 0.17 seconds
[2021.01.26-20.44.15:381][  0]LogExternalProfiler: No external profilers were discovered.  External profiling features will not be available.
[2021.01.26-20.44.15:391][  0]LogOcInput: OculusInput pre-init called
[2021.01.26-20.44.15:391][  0]LogHMD: Starting GearVRController plugin
[2021.01.26-20.44.15:464][  0]LogContentStreaming: Texture pool size now 1000 MB
[2021.01.26-20.44.15:470][  0]LogSlate: Took 0.000182 seconds to synchronously load lazily loaded font '../../../Engine/Content/Slate/Fonts/Roboto-Light.ttf' (159K)
[2021.01.26-20.44.15:510][  1]LogAssetRegistry: Asset discovery search completed in 15.2693 seconds
[2021.01.26-20.44.15:512][  1]LogCollectionManager: Rebuilt the object cache for 0 collections in 0.000001 seconds (found 0 objects)
[2021.01.26-20.44.15:512][  1]LogCollectionManager: Fixed up redirectors for 0 collections in 0.000035 seconds (updated 0 objects)
[2021.01.26-20.44.19:358][ 43]Cmd: QUIT_EDITOR
[2021.01.26-20.44.19:415][ 43]LogExit: Preparing to exit.
[2021.01.26-20.44.20:571][ 43]LogExit: Editor shut down
[2021.01.26-20.44.20:573][ 43]LogExit: Transaction tracking system shut down
[2021.01.26-20.44.20:635][ 43]LogObj: Freed 0b from 0 cluster array pools.
[2021.01.26-20.44.20:635][ 43]LogExit: Object subsystem successfully closed.
[2021.01.26-20.44.20:655][ 43]LogD3D11RHI: Shutdown
[2021.01.26-20.44.20:655][ 43]LogD3D11RHI: CleanupD3DDevice
[2021.01.26-20.44.20:719][ 43]LogD3D11RHI: ~FD3D11DynamicRHI
[2021.01.26-20.44.20:734][ 43]LogModuleManager: Shutting down and abandoning module HierarchicalLODOutliner (524)
[2021.01.26-20.44.20:734][ 43]LogModuleManager: Shutting down and abandoning module CrashTracker (522)
[2021.01.26-20.44.20:734][ 43]LogModuleManager: Shutting down and abandoning module SceneOutliner (520)
[2021.01.26-20.44.20:735][ 43]LogModuleManager: Shutting down and abandoning module AddContentDialog (518)
[2021.01.26-20.44.20:735][ 43]LogDirectoryWatcher: A directory notification for 'C:/UE_4.16/FeaturePacks/' was aborted.
[2021.01.26-20.44.20:735][ 43]LogModuleManager: Shutting down and abandoning module WidgetCarousel (517)
[2021.01.26-20.44.20:735][ 43]LogModuleManager: Shutting down and abandoning module EditorWidgets (514)
[2021.01.26-20.44.20:735][ 43]LogModuleManager: Shutting down and abandoning module CollectionManager (512)
[2021.01.26-20.44.20:735][ 43]LogDirectoryWatcher: A directory notification for 'E:/UnrealProjects/Kings_Return2/Content/Collections/' was aborted.
[2021.01.26-20.44.20:735][ 43]LogDirectoryWatcher: A directory notification for 'E:/UnrealProjects/Kings_Return2/Content/Developers/Admin/Collections/' was aborted.
[2021.01.26-20.44.20:735][ 43]LogDirectoryWatcher: A directory notification for 'E:/UnrealProjects/Kings_Return2/Saved/Collections/' was aborted.
[2021.01.26-20.44.20:735][ 43]LogModuleManager: Shutting down and abandoning module StatsViewer (510)
[2021.01.26-20.44.20:735][ 43]LogModuleManager: Shutting down and abandoning module FoliageEdit (508)
[2021.01.26-20.44.20:736][ 43]LogModuleManager: Shutting down and abandoning module LandscapeEditor (506)
[2021.01.26-20.44.20:736][ 43]LogModuleManager: Shutting down and abandoning module MeshPaintMode (504)
[2021.01.26-20.44.20:736][ 43]LogModuleManager: Shutting down and abandoning module SceneDepthPickerMode (502)
[2021.01.26-20.44.20:736][ 43]LogModuleManager: Shutting down and abandoning module ActorPickerMode (500)
[2021.01.26-20.44.20:736][ 43]LogModuleManager: Shutting down and abandoning module GeometryMode (498)
[2021.01.26-20.44.20:736][ 43]LogModuleManager: Shutting down and abandoning module TextureAlignMode (496)
[2021.01.26-20.44.20:736][ 43]LogModuleManager: Shutting down and abandoning module BspMode (494)
[2021.01.26-20.44.20:736][ 43]LogModuleManager: Shutting down and abandoning module HardwareSurvey (492)
[2021.01.26-20.44.20:736][ 43]LogModuleManager: Shutting down and abandoning module SequenceRecorderSections (490)
[2021.01.26-20.44.20:736][ 43]LogModuleManager: Shutting down and abandoning module AutomationWorker (488)
[2021.01.26-20.44.20:736][ 43]LogModuleManager: Shutting down and abandoning module MatineeToLevelSequence (486)
[2021.01.26-20.44.20:736][ 43]LogModuleManager: Shutting down and abandoning module LevelSequenceEditor (484)
[2021.01.26-20.44.20:736][ 43]LogModuleManager: Shutting down and abandoning module PlacementMode (483)
[2021.01.26-20.44.20:736][ 43]LogModuleManager: Shutting down and abandoning module WmfMediaFactory (480)
[2021.01.26-20.44.20:736][ 43]LogModuleManager: Shutting down and abandoning module WmfMediaEditor (478)
[2021.01.26-20.44.20:736][ 43]LogModuleManager: Shutting down and abandoning module AvfMediaFactory (476)
[2021.01.26-20.44.20:736][ 43]LogModuleManager: Shutting down and abandoning module AvfMediaEditor (474)
[2021.01.26-20.44.20:736][ 43]LogModuleManager: Shutting down and abandoning module AndroidMediaFactory (472)
[2021.01.26-20.44.20:736][ 43]LogModuleManager: Shutting down and abandoning module Media (471)
[2021.01.26-20.44.20:736][ 43]LogModuleManager: Shutting down and abandoning module AndroidMediaEditor (468)
[2021.01.26-20.44.20:736][ 43]LogModuleManager: Shutting down and abandoning module CharacterAI (466)
[2021.01.26-20.44.20:736][ 43]LogModuleManager: Shutting down and abandoning module AudioCapture (464)
[2021.01.26-20.44.20:736][ 43]LogModuleManager: Shutting down and abandoning module SequenceRecorder (463)
[2021.01.26-20.44.20:736][ 43]LogModuleManager: Shutting down and abandoning module SmartSnapping (460)
[2021.01.26-20.44.20:736][ 43]LogModuleManager: Shutting down and abandoning module SessionServices (458)
[2021.01.26-20.44.20:736][ 43]LogModuleManager: Shutting down and abandoning module ViewportSnapping (456)
[2021.01.26-20.44.20:736][ 43]LogModuleManager: Shutting down and abandoning module ViewportInteraction (454)
[2021.01.26-20.44.20:736][ 43]LogModuleManager: Shutting down and abandoning module ClothPainter (452)
[2021.01.26-20.44.20:736][ 43]LogModuleManager: Shutting down and abandoning module LogVisualizer (450)
[2021.01.26-20.44.20:736][ 43]LogModuleManager: Shutting down and abandoning module IntroTutorials (448)
[2021.01.26-20.44.20:736][ 43]LogModuleManager: Shutting down and abandoning module GameProjectGeneration (447)
[2021.01.26-20.44.20:736][ 43]LogModuleManager: Shutting down and abandoning module EditorLiveStreaming (444)
[2021.01.26-20.44.20:736][ 43]LogModuleManager: Shutting down and abandoning module IOSPlatformEditor (442)
[2021.01.26-20.44.20:736][ 43]LogModuleManager: Shutting down and abandoning module HTML5PlatformEditor (440)
[2021.01.26-20.44.20:736][ 43]LogModuleManager: Shutting down and abandoning module AndroidPlatformEditor (438)
[2021.01.26-20.44.20:736][ 43]LogModuleManager: Shutting down and abandoning module AndroidDeviceDetection (437)
[2021.01.26-20.44.21:530][ 43]LogModuleManager: Shutting down and abandoning module IOSRuntimeSettings (434)
[2021.01.26-20.44.21:530][ 43]LogModuleManager: Shutting down and abandoning module AndroidRuntimeSettings (432)
[2021.01.26-20.44.21:530][ 43]LogModuleManager: Shutting down and abandoning module InputBindingEditor (430)
[2021.01.26-20.44.21:531][ 43]LogModuleManager: Shutting down and abandoning module MergeActors (428)
[2021.01.26-20.44.21:531][ 43]LogModuleManager: Shutting down and abandoning module SizeMap (426)
[2021.01.26-20.44.21:531][ 43]LogModuleManager: Shutting down and abandoning module TreeMap (424)
[2021.01.26-20.44.21:531][ 43]LogModuleManager: Shutting down and abandoning module ReferenceViewer (422)
[2021.01.26-20.44.21:531][ 43]LogModuleManager: Shutting down and abandoning module LocalizationDashboard (420)
[2021.01.26-20.44.21:531][ 43]LogModuleManager: Shutting down and abandoning module LocalizationService (419)
[2021.01.26-20.44.21:531][ 43]LogModuleManager: Shutting down and abandoning module HardwareTargeting (416)
[2021.01.26-20.44.21:531][ 43]LogModuleManager: Shutting down and abandoning module DeviceProfileEditor (414)
[2021.01.26-20.44.21:531][ 43]LogModuleManager: Shutting down and abandoning module UndoHistory (412)
[2021.01.26-20.44.21:531][ 43]LogModuleManager: Shutting down and abandoning module UserFeedback (410)
[2021.01.26-20.44.21:531][ 43]LogModuleManager: Shutting down and abandoning module XmlParser (408)
[2021.01.26-20.44.21:531][ 43]LogModuleManager: Shutting down and abandoning module Blutility (406)
[2021.01.26-20.44.21:531][ 43]LogModuleManager: Shutting down and abandoning module ProjectSettingsViewer (404)
[2021.01.26-20.44.21:531][ 43]LogModuleManager: Shutting down and abandoning module ProjectTargetPlatformEditor (403)
[2021.01.26-20.44.21:531][ 43]LogModuleManager: Shutting down and abandoning module EditorSettingsViewer (400)
[2021.01.26-20.44.21:531][ 43]LogModuleManager: Shutting down and abandoning module SettingsEditor (398)
[2021.01.26-20.44.21:531][ 43]LogModuleManager: Shutting down and abandoning module ProjectLauncher (396)
[2021.01.26-20.44.21:531][ 43]LogModuleManager: Shutting down and abandoning module SessionFrontend (394)
[2021.01.26-20.44.21:531][ 43]LogModuleManager: Shutting down and abandoning module ProfilerClient (392)
[2021.01.26-20.44.21:531][ 43]LogModuleManager: Shutting down and abandoning module DeviceManager (390)
[2021.01.26-20.44.21:531][ 43]LogModuleManager: Shutting down and abandoning module TargetDeviceServices (389)
[2021.01.26-20.44.21:561][ 43]LogModuleManager: Shutting down and abandoning module AutomationController (386)
[2021.01.26-20.44.21:561][ 43]LogModuleManager: Shutting down and abandoning module AutomationWindow (384)
[2021.01.26-20.44.21:561][ 43]LogModuleManager: Shutting down and abandoning module Layers (382)
[2021.01.26-20.44.21:561][ 43]LogModuleManager: Shutting down and abandoning module ComponentVisualizers (380)
[2021.01.26-20.44.21:561][ 43]LogModuleManager: Shutting down and abandoning module DetailCustomizations (378)
[2021.01.26-20.44.21:561][ 43]LogModuleManager: Shutting down and abandoning module PackagesDialog (376)
[2021.01.26-20.44.21:561][ 43]LogModuleManager: Shutting down and abandoning module Persona (374)
[2021.01.26-20.44.21:561][ 43]LogModuleManager: Shutting down and abandoning module AdvancedPreviewScene (373)
[2021.01.26-20.44.21:561][ 43]LogModuleManager: Shutting down and abandoning module AnimGraph (371)
[2021.01.26-20.44.21:561][ 43]LogModuleManager: Shutting down and abandoning module Kismet (368)
[2021.01.26-20.44.21:562][ 43]LogModuleManager: Shutting down and abandoning module ClassViewer (366)
[2021.01.26-20.44.21:562][ 43]LogModuleManager: Shutting down and abandoning module Toolbox (364)
[2021.01.26-20.44.21:562][ 43]LogModuleManager: Shutting down and abandoning module ModuleUI (362)
[2021.01.26-20.44.21:562][ 43]LogModuleManager: Shutting down and abandoning module MovieSceneTools (360)
[2021.01.26-20.44.21:562][ 43]LogModuleManager: Shutting down and abandoning module OutputLog (358)
[2021.01.26-20.44.21:562][ 43]LogModuleManager: Shutting down and abandoning module GammaUI (356)
[2021.01.26-20.44.21:562][ 43]LogModuleManager: Shutting down and abandoning module Documentation (354)
[2021.01.26-20.44.21:562][ 43]LogModuleManager: Shutting down and abandoning module MovieSceneTracks (352)
[2021.01.26-20.44.21:562][ 43]LogModuleManager: Shutting down and abandoning module MovieScene (350)
[2021.01.26-20.44.21:562][ 43]LogModuleManager: Shutting down and abandoning module Niagara (348)
[2021.01.26-20.44.21:562][ 43]LogModuleManager: Shutting down and abandoning module NiagaraEditor (347)
[2021.01.26-20.44.21:562][ 43]LogModuleManager: Shutting down and abandoning module StreamingPauseRendering (344)
[2021.01.26-20.44.21:562][ 43]LogModuleManager: Shutting down and abandoning module AnalyticsET (342)
[2021.01.26-20.44.21:562][ 43]LogModuleManager: Shutting down and abandoning module PortalServices (340)
[2021.01.26-20.44.21:562][ 43]LogModuleManager: Shutting down and abandoning module PortalRpc (338)
[2021.01.26-20.44.21:562][ 43]LogModuleManager: Shutting down and abandoning module MessagingRpc (336)
[2021.01.26-20.44.21:563][ 43]LogModuleManager: Shutting down and abandoning module AIModule (334)
[2021.01.26-20.44.21:563][ 43]LogModuleManager: Shutting down and abandoning module GameplayDebugger (333)
[2021.01.26-20.44.21:563][ 43]LogModuleManager: Shutting down and abandoning module AITestSuite (331)
[2021.01.26-20.44.21:563][ 43]LogModuleManager: Shutting down and abandoning module ProfilerService (328)
[2021.01.26-20.44.21:798][ 43]LogModuleManager: Shutting down and abandoning module TaskGraph (326)
[2021.01.26-20.44.21:798][ 43]LogModuleManager: Shutting down and abandoning module SteamVRController (324)
[2021.01.26-20.44.21:798][ 43]LogModuleManager: Shutting down and abandoning module SteamVR (322)
[2021.01.26-20.44.21:798][ 43]LogModuleManager: Shutting down and abandoning module ProceduralMeshComponentEditor (320)
[2021.01.26-20.44.21:798][ 43]LogModuleManager: Shutting down and abandoning module ProceduralMeshComponent (318)
[2021.01.26-20.44.21:798][ 43]LogModuleManager: Shutting down and abandoning module OculusLibrary (316)
[2021.01.26-20.44.21:798][ 43]LogModuleManager: Shutting down and abandoning module OculusInput (314)
[2021.01.26-20.44.21:798][ 43]LogModuleManager: Shutting down and abandoning module MobilePatchingUtils (312)
[2021.01.26-20.44.21:798][ 43]LogModuleManager: Shutting down and abandoning module CustomMeshComponent (310)
[2021.01.26-20.44.21:798][ 43]LogModuleManager: Shutting down and abandoning module CableComponent (308)
[2021.01.26-20.44.21:798][ 43]LogModuleManager: Shutting down and abandoning module ArchVisCharacter (306)
[2021.01.26-20.44.21:798][ 43]LogModuleManager: Shutting down and abandoning module AndroidPermission (304)
[2021.01.26-20.44.21:798][ 43]LogModuleManager: Shutting down and abandoning module MediaPlayerEditor (300)
[2021.01.26-20.44.21:798][ 43]LogModuleManager: Shutting down and abandoning module HTML5Networking (298)
[2021.01.26-20.44.21:798][ 43]LogModuleManager: Shutting down and abandoning module AlembicImporter (296)
[2021.01.26-20.44.21:798][ 43]LogModuleManager: Shutting down and abandoning module AlembicLibrary (295)
[2021.01.26-20.44.21:799][ 43]LogModuleManager: Shutting down and abandoning module GeometryCache (294)
[2021.01.26-20.44.21:799][ 43]LogModuleManager: Shutting down and abandoning module GeometryCacheEd (293)
[2021.01.26-20.44.21:799][ 43]LogModuleManager: Shutting down and abandoning module SuperSearchEditor (288)
[2021.01.26-20.44.21:799][ 43]LogModuleManager: Shutting down and abandoning module SuperSearch (287)
[2021.01.26-20.44.21:799][ 43]LogModuleManager: Shutting down and abandoning module SpeedTreeImporter (284)
[2021.01.26-20.44.21:799][ 43]LogModuleManager: Shutting down and abandoning module PluginBrowser (282)
[2021.01.26-20.44.21:799][ 43]LogModuleManager: Shutting down and abandoning module MobileLauncherProfileWizard (280)
[2021.01.26-20.44.21:799][ 43]LogModuleManager: Shutting down and abandoning module VisualStudioSourceCodeAccess (278)
[2021.01.26-20.44.21:799][ 43]LogModuleManager: Shutting down and abandoning module DesktopPlatform (277)
[2021.01.26-20.44.21:799][ 43]LogModuleManager: Shutting down and abandoning module UObjectPlugin (274)
[2021.01.26-20.44.21:799][ 43]LogModuleManager: Shutting down and abandoning module SubversionSourceControl (272)
[2021.01.26-20.44.21:799][ 43]LogModuleManager: Shutting down and abandoning module PerforceSourceControl (270)
[2021.01.26-20.44.21:799][ 43]LogModuleManager: Shutting down and abandoning module GitSourceControl (268)
[2021.01.26-20.44.21:799][ 43]LogModuleManager: Shutting down and abandoning module SourceControl (267)
[2021.01.26-20.44.21:799][ 43]LogModuleManager: Shutting down and abandoning module LightPropagationVolumeEditor (264)
[2021.01.26-20.44.21:799][ 43]LogModuleManager: Shutting down and abandoning module PaperTiledImporter (262)
[2021.01.26-20.44.21:799][ 43]LogModuleManager: Shutting down and abandoning module PaperSpriteSheetImporter (260)
[2021.01.26-20.44.21:799][ 43]LogModuleManager: Shutting down and abandoning module Paper2DEditor (258)
[2021.01.26-20.44.21:799][ 43]LogModuleManager: Shutting down and abandoning module MeshPaint (257)
[2021.01.26-20.44.21:799][ 43]LogModuleManager: Shutting down and abandoning module LevelEditor (255)
[2021.01.26-20.44.21:801][ 43]LogModuleManager: Shutting down and abandoning module PixelInspectorModule (254)
[2021.01.26-20.44.21:801][ 43]LogModuleManager: Shutting down and abandoning module MainFrame (252)
[2021.01.26-20.44.21:801][ 43]LogModuleManager: Shutting down and abandoning module HotReload (251)
[2021.01.26-20.44.21:801][ 43]LogModuleManager: Shutting down and abandoning module PhysXVehiclesEditor (246)
[2021.01.26-20.44.21:801][ 43]LogModuleManager: Shutting down and abandoning module PhysXVehicles (244)
[2021.01.26-20.44.21:801][ 43]LogModuleManager: Shutting down and abandoning module LocationServicesBPLibrary (242)
[2021.01.26-20.44.21:801][ 43]LogModuleManager: Shutting down and abandoning module ImmediatePhysicsEditor (240)
[2021.01.26-20.44.21:801][ 43]LogModuleManager: Shutting down and abandoning module ImmediatePhysics (238)
[2021.01.26-20.44.21:801][ 43]LogModuleManager: Shutting down and abandoning module UdpMessaging (236)
[2021.01.26-20.44.21:901][ 43]LogModuleManager: Shutting down and abandoning module TcpMessaging (234)
[2021.01.26-20.44.22:001][ 43]LogModuleManager: Shutting down and abandoning module GameplayTagsEditor (232)
[2021.01.26-20.44.22:001][ 43]LogModuleManager: Shutting down and abandoning module FacialAnimationEditor (230)
[2021.01.26-20.44.22:001][ 43]LogModuleManager: Shutting down and abandoning module FacialAnimation (228)
[2021.01.26-20.44.22:001][ 43]LogModuleManager: Shutting down and abandoning module AssetManagerEditor (226)
[2021.01.26-20.44.22:001][ 43]LogModuleManager: Shutting down and abandoning module GraphEditor (225)
[2021.01.26-20.44.22:001][ 43]LogModuleManager: Shutting down and abandoning module ContentBrowser (223)
[2021.01.26-20.44.22:003][ 43]LogModuleManager: Shutting down and abandoning module LightPropagationVolumeRuntime (220)
[2021.01.26-20.44.22:003][ 43]LogModuleManager: Shutting down and abandoning module Paper2D (218)
[2021.01.26-20.44.22:003][ 43]LogModuleManager: Shutting down and abandoning module WindowsMoviePlayer (216)
[2021.01.26-20.44.22:003][ 43]LogModuleManager: Shutting down and abandoning module WmfMedia (214)
[2021.01.26-20.44.22:004][ 43]LogModuleManager: Shutting down and abandoning module ClothingSystemEditor (212)
[2021.01.26-20.44.22:004][ 43]LogModuleManager: Shutting down and abandoning module ClothingSystemRuntime (210)
[2021.01.26-20.44.22:004][ 43]LogModuleManager: Shutting down and abandoning module MediaAssets (208)
[2021.01.26-20.44.22:004][ 43]LogModuleManager: Shutting down and abandoning module GameLiveStreaming (206)
[2021.01.26-20.44.22:005][ 43]LogModuleManager: Shutting down and abandoning module VREditor (204)
[2021.01.26-20.44.22:005][ 43]LogModuleManager: Shutting down and abandoning module StringTableEditor (202)
[2021.01.26-20.44.22:005][ 43]LogModuleManager: Shutting down and abandoning module GameplayTasksEditor (200)
[2021.01.26-20.44.22:005][ 43]LogModuleManager: Shutting down and abandoning module BehaviorTreeEditor (198)
[2021.01.26-20.44.22:005][ 43]LogModuleManager: Shutting down and abandoning module FunctionalTesting (196)
[2021.01.26-20.44.22:005][ 43]LogModuleManager: Shutting down and abandoning module CollisionAnalyzer (194)
[2021.01.26-20.44.22:005][ 43]LogModuleManager: Shutting down and abandoning module UMG (192)
[2021.01.26-20.44.22:005][ 43]LogModuleManager: Shutting down and abandoning module UMGEditor (191)
[2021.01.26-20.44.22:005][ 43]LogModuleManager: Shutting down and abandoning module Sequencer (190)
[2021.01.26-20.44.22:005][ 43]LogModuleManager: Shutting down and abandoning module AssetTools (188)
[2021.01.26-20.44.22:005][ 43]LogModuleManager: Shutting down and abandoning module MessageLog (187)
[2021.01.26-20.44.22:005][ 43]LogModuleManager: Shutting down and abandoning module WorkspaceMenuStructure (186)
[2021.01.26-20.44.22:005][ 43]LogModuleManager: Shutting down and abandoning module SlateReflector (180)
[2021.01.26-20.44.22:005][ 43]LogModuleManager: Shutting down and abandoning module Slate (178)
[2021.01.26-20.44.22:005][ 43]LogModuleManager: Shutting down and abandoning module EditorStyle (176)
[2021.01.26-20.44.22:010][ 43]LogModuleManager: Shutting down and abandoning module SourceCodeAccess (174)
[2021.01.26-20.44.22:010][ 43]LogModuleManager: Shutting down and abandoning module HeadMountedDisplay (172)
[2021.01.26-20.44.22:010][ 43]LogModuleManager: Shutting down and abandoning module XAudio2 (170)
[2021.01.26-20.44.22:010][ 43]LogModuleManager: Shutting down and abandoning module Networking (168)
[2021.01.26-20.44.22:010][ 43]LogModuleManager: Shutting down and abandoning module Core (164)
[2021.01.26-20.44.22:010][ 43]LogModuleManager: Shutting down and abandoning module AssetRegistry (162)
[2021.01.26-20.44.24:908][ 43]LogDirectoryWatcher: A directory notification for '../../../Engine/Content/' was aborted.
[2021.01.26-20.44.24:908][ 43]LogDirectoryWatcher: A directory notification for 'E:/UnrealProjects/Kings_Return2/Content/' was aborted.
[2021.01.26-20.44.24:908][ 43]LogDirectoryWatcher: A directory notification for '../../../Engine/Plugins/2D/Paper2D/Content/' was aborted.
[2021.01.26-20.44.24:908][ 43]LogDirectoryWatcher: A directory notification for '../../../Engine/Plugins/Runtime/GearVR/Content/' was aborted.
[2021.01.26-20.44.24:913][ 43]LogModuleManager: Shutting down and abandoning module DirectoryWatcher (161)
[2021.01.26-20.44.24:913][ 43]LogModuleManager: Shutting down and abandoning module KismetCompiler (158)
[2021.01.26-20.44.24:913][ 43]LogModuleManager: Shutting down and abandoning module PhysXFormats (156)
[2021.01.26-20.44.24:913][ 43]LogModuleManager: Shutting down and abandoning module MeshUtilities (154)
[2021.01.26-20.44.24:913][ 43]LogModuleManager: Shutting down and abandoning module SimplygonSwarm (153)
[2021.01.26-20.44.24:913][ 43]LogModuleManager: Shutting down and abandoning module SimplygonMeshReduction (151)
[2021.01.26-20.44.24:913][ 43]LogModuleManager: Shutting down and abandoning module QuadricMeshReduction (149)
[2021.01.26-20.44.24:913][ 43]LogModuleManager: Shutting down and abandoning module LevelSequence (146)
[2021.01.26-20.44.24:913][ 43]LogModuleManager: Shutting down and abandoning module DerivedDataCache (144)
[2021.01.26-20.44.25:411][ 43]LogDerivedDataCache: Shutdown
[2021.01.26-20.44.25:411][ 43]LogModuleManager: Shutting down and abandoning module TargetPlatform (142)
[2021.01.26-20.44.25:411][ 43]LogModuleManager: Shutting down and abandoning module VulkanShaderFormat (141)
[2021.01.26-20.44.25:411][ 43]LogModuleManager: Shutting down and abandoning module ShaderFormatVectorVM (139)
[2021.01.26-20.44.25:411][ 43]LogModuleManager: Shutting down and abandoning module ShaderFormatOpenGL (137)
[2021.01.26-20.44.25:411][ 43]LogModuleManager: Shutting down and abandoning module ShaderFormatD3D (135)
[2021.01.26-20.44.25:411][ 43]LogModuleManager: Shutting down and abandoning module MetalShaderFormat (133)
[2021.01.26-20.44.25:411][ 43]LogModuleManager: Shutting down and abandoning module TextureFormatUncompressed (131)
[2021.01.26-20.44.25:411][ 43]LogModuleManager: Shutting down and abandoning module TextureFormatPVR (129)
[2021.01.26-20.44.25:411][ 43]LogModuleManager: Shutting down and abandoning module TextureFormatDXT (127)
[2021.01.26-20.44.25:411][ 43]LogModuleManager: Shutting down and abandoning module TextureFormatIntelISPCTexComp (125)
[2021.01.26-20.44.25:412][ 43]LogModuleManager: Shutting down and abandoning module TextureFormatASTC (123)
[2021.01.26-20.44.25:412][ 43]LogModuleManager: Shutting down and abandoning module ImageWrapper (122)
[2021.01.26-20.44.25:412][ 43]LogModuleManager: Shutting down and abandoning module TextureFormatAndroid (119)
[2021.01.26-20.44.25:412][ 43]LogModuleManager: Shutting down and abandoning module AudioFormatOpus (117)
[2021.01.26-20.44.25:412][ 43]LogModuleManager: Shutting down and abandoning module AudioFormatOgg (115)
[2021.01.26-20.44.25:412][ 43]LogModuleManager: Shutting down and abandoning module AudioFormatADPCM (113)
[2021.01.26-20.44.25:412][ 43]LogModuleManager: Shutting down and abandoning module LinuxTargetPlatform (111)
[2021.01.26-20.44.25:412][ 43]LogModuleManager: Shutting down and abandoning module LinuxServerTargetPlatform (109)
[2021.01.26-20.44.25:412][ 43]LogModuleManager: Shutting down and abandoning module LinuxNoEditorTargetPlatform (107)
[2021.01.26-20.44.25:412][ 43]LogModuleManager: Shutting down and abandoning module LinuxClientTargetPlatform (105)
[2021.01.26-20.44.25:412][ 43]LogModuleManager: Shutting down and abandoning module TVOSTargetPlatform (103)
[2021.01.26-20.44.25:412][ 43]LogModuleManager: Shutting down and abandoning module Messaging (101)
[2021.01.26-20.44.25:412][ 43]LogModuleManager: Shutting down and abandoning module IOSTargetPlatform (99)
[2021.01.26-20.44.25:412][ 43]LogModuleManager: Shutting down and abandoning module HTML5TargetPlatform (97)
[2021.01.26-20.44.25:412][ 43]LogModuleManager: Shutting down and abandoning module Android_PVRTCTargetPlatform (95)
[2021.01.26-20.44.25:412][ 43]LogModuleManager: Shutting down and abandoning module Android_MultiTargetPlatform (93)
[2021.01.26-20.44.25:412][ 43]LogModuleManager: Shutting down and abandoning module Android_ETC2TargetPlatform (91)
[2021.01.26-20.44.25:412][ 43]LogModuleManager: Shutting down and abandoning module Android_ETC1TargetPlatform (89)
[2021.01.26-20.44.25:412][ 43]LogModuleManager: Shutting down and abandoning module Android_DXTTargetPlatform (87)
[2021.01.26-20.44.25:412][ 43]LogModuleManager: Shutting down and abandoning module Android_ATCTargetPlatform (85)
[2021.01.26-20.44.25:412][ 43]LogModuleManager: Shutting down and abandoning module Android_ASTCTargetPlatform (83)
[2021.01.26-20.44.25:412][ 43]LogModuleManager: Shutting down and abandoning module AndroidTargetPlatform (81)
[2021.01.26-20.44.25:412][ 43]LogModuleManager: Shutting down and abandoning module WindowsTargetPlatform (79)
[2021.01.26-20.44.25:412][ 43]LogModuleManager: Shutting down and abandoning module WindowsServerTargetPlatform (77)
[2021.01.26-20.44.25:412][ 43]LogModuleManager: Shutting down and abandoning module WindowsNoEditorTargetPlatform (75)
[2021.01.26-20.44.25:412][ 43]LogModuleManager: Shutting down and abandoning module WindowsClientTargetPlatform (73)
[2021.01.26-20.44.25:412][ 43]LogModuleManager: Shutting down and abandoning module MacTargetPlatform (71)
[2021.01.26-20.44.25:412][ 43]LogModuleManager: Shutting down and abandoning module MacServerTargetPlatform (69)
[2021.01.26-20.44.25:412][ 43]LogModuleManager: Shutting down and abandoning module MacNoEditorTargetPlatform (67)
[2021.01.26-20.44.25:412][ 43]LogModuleManager: Shutting down and abandoning module MacClientTargetPlatform (65)
[2021.01.26-20.44.25:412][ 43]LogModuleManager: Shutting down and abandoning module AllDesktopTargetPlatform (63)
[2021.01.26-20.44.25:412][ 43]LogModuleManager: Shutting down and abandoning module InputCore (60)
[2021.01.26-20.44.25:412][ 43]LogModuleManager: Shutting down and abandoning module Settings (58)
[2021.01.26-20.44.25:412][ 43]LogModuleManager: Shutting down and abandoning module OculusRift (56)
[2021.01.26-20.44.25:412][ 43]LogModuleManager: Shutting down and abandoning module GearVRController (54)
[2021.01.26-20.44.25:412][ 43]LogModuleManager: Shutting down and abandoning module GearVR (52)
[2021.01.26-20.44.25:412][ 43]LogModuleManager: Shutting down and abandoning module ExampleDeviceProfileSelector (50)
[2021.01.26-20.44.25:412][ 43]LogModuleManager: Shutting down and abandoning module OnlineBlueprintSupport (48)
[2021.01.26-20.44.25:412][ 43]LogModuleManager: Shutting down and abandoning module OnlineSubsystem (44)
[2021.01.26-20.44.25:412][ 43]LogOnline:Display: Unloading online subsystem: NULL
[2021.01.26-20.44.25:413][ 43]LogModuleManager: Shutting down and abandoning module XMPP (43)
[2021.01.26-20.44.25:413][ 43]LogModuleManager: Shutting down and abandoning module HTTP (41)
[2021.01.26-20.44.25:413][ 43]LogHttp:Display: Http module shutting down, but needs to wait on 1 outstanding Http requests:
[2021.01.26-20.44.25:413][ 43]LogHttp:Display: 	verb=[POST] url=[https://datarouter.ol.epicgames.com/datarouter/api/v1/public/data?SessionID=%7BDDE0F251-4EFA-925F-A030-BFB63B673360%7D&AppID=UEEditor.Rocket.Release&AppVersion=4.16.3-3561208%2B%2B%2BUE4%2BRelease-4.16&UserID=3bff071d403c526a9ffd23bc529ecad8%7C97a4f22aa1874480b696124256cd490a%7C4395bf67-2b94-483b-b146-70c79ebb85b8&AppEnvironment=datacollector-binary&UploadType=eteventstream] status=Processing
[2021.01.26-20.44.25:434][ 43]LogModuleManager: Shutting down and abandoning module SSL (40)
[2021.01.26-20.44.25:437][ 43]LogModuleManager: Shutting down and abandoning module HTTPChunkInstaller (36)
[2021.01.26-20.44.25:437][ 43]LogModuleManager: Shutting down and abandoning module AnimationModifiers (34)
[2021.01.26-20.44.25:437][ 43]LogModuleManager: Shutting down and abandoning module PropertyEditor (33)
[2021.01.26-20.44.25:437][ 43]LogModuleManager: Shutting down and abandoning module AudioEditor (30)
[2021.01.26-20.44.25:437][ 43]LogModuleManager: Shutting down and abandoning module TextureCompressor (28)
[2021.01.26-20.44.25:437][ 43]LogModuleManager: Shutting down and abandoning module ShaderCore (26)
[2021.01.26-20.44.25:437][ 43]LogModuleManager: Shutting down and abandoning module Landscape (24)
[2021.01.26-20.44.25:437][ 43]LogModuleManager: Shutting down and abandoning module SlateRHIRenderer (22)
[2021.01.26-20.44.25:438][ 43]LogModuleManager: Shutting down and abandoning module OpenGLDrv (20)
[2021.01.26-20.44.25:438][ 43]LogModuleManager: Shutting down and abandoning module D3D11RHI (18)
[2021.01.26-20.44.25:438][ 43]LogModuleManager: Shutting down and abandoning module AnimGraphRuntime (16)
[2021.01.26-20.44.25:438][ 43]LogModuleManager: Shutting down and abandoning module Renderer (14)
[2021.01.26-20.44.25:438][ 43]LogModuleManager: Shutting down and abandoning module Engine (12)
[2021.01.26-20.44.25:438][ 43]LogModuleManager: Shutting down and abandoning module CoreUObject (10)
[2021.01.26-20.44.25:438][ 43]LogModuleManager: Shutting down and abandoning module NetworkFile (8)
[2021.01.26-20.44.25:438][ 43]LogModuleManager: Shutting down and abandoning module StreamingFile (6)
[2021.01.26-20.44.25:438][ 43]LogModuleManager: Shutting down and abandoning module SandboxFile (4)
[2021.01.26-20.44.25:438][ 43]LogModuleManager: Shutting down and abandoning module PakFile (2)
[2021.01.26-20.44.25:440][ 43]LogExit: Exiting.
[2021.01.26-20.44.25:463][ 43]Log file closed, 01/26/21 14:44:25
